<?xml version="1.0" encoding="UTF-8"?>
<!-- Generated by org.testng.reporters.JUnitXMLReporter -->
<testsuite ignored="0" hostname="DESKTOP-MT0GH5E" failures="0" tests="3" name="Default test" time="23.842" errors="0" timestamp="2023-06-15T08:22:56 IST">
  <testcase classname="testClasses.FunctionalTest" name="searchBox" time="2.473"/>
  <testcase classname="testClasses.FunctionalTest" name="sortByPriceLToH" time="2.071"/>
  <testcase classname="testClasses.FunctionalTest" name="sortByPriceHToL" time="3.575"/>
</testsuite> <!-- Default test -->
