<?xml version="1.0" encoding="UTF-8"?>
<testng-results ignored="0" total="3" passed="2" failed="1" skipped="0">
  <reporter-output>
  </reporter-output>
  <suite started-at="2023-06-26T12:41:35 IST" name="Suite" finished-at="2023-06-26T12:42:06 IST" duration-ms="31467">
    <groups>
    </groups>
    <test started-at="2023-06-26T12:41:35 IST" name="FunctionalTest" finished-at="2023-06-26T12:42:06 IST" duration-ms="31467">
      <class name="testClasses.FunctionalTest">
        <test-method is-config="true" signature="lunchApplication()[pri:0, instance:testClasses.FunctionalTest@673be18f]" started-at="2023-06-26T12:41:35 IST" name="lunchApplication" finished-at="2023-06-26T12:41:40 IST" duration-ms="5401" status="PASS">
          <reporter-output>
          </reporter-output>
        </test-method> <!-- lunchApplication -->
        <test-method signature="searchBox(java.util.HashMap)[pri:0, instance:testClasses.FunctionalTest@673be18f]" started-at="2023-06-26T12:41:40 IST" name="searchBox" data-provider="getData" finished-at="2023-06-26T12:41:42 IST" duration-ms="1467" status="PASS">
          <params>
            <param index="0">
              <value>
                <![CDATA[{item=mobile, text=Showing}]]>
              </value>
            </param>
          </params>
          <reporter-output>
          </reporter-output>
        </test-method> <!-- searchBox -->
        <test-method is-config="true" signature="tearOff()[pri:0, instance:testClasses.FunctionalTest@673be18f]" started-at="2023-06-26T12:41:42 IST" name="tearOff" finished-at="2023-06-26T12:41:42 IST" duration-ms="256" status="PASS">
          <reporter-output>
          </reporter-output>
        </test-method> <!-- tearOff -->
        <test-method is-config="true" signature="lunchApplication()[pri:0, instance:testClasses.FunctionalTest@673be18f]" started-at="2023-06-26T12:41:42 IST" name="lunchApplication" finished-at="2023-06-26T12:41:46 IST" duration-ms="3536" status="PASS">
          <reporter-output>
          </reporter-output>
        </test-method> <!-- lunchApplication -->
        <test-method signature="sortByPriceLToH(java.util.HashMap)[pri:1, instance:testClasses.FunctionalTest@673be18f]" started-at="2023-06-26T12:41:46 IST" name="sortByPriceLToH" data-provider="getData" finished-at="2023-06-26T12:41:57 IST" duration-ms="11872" status="FAIL">
          <params>
            <param index="0">
              <value>
                <![CDATA[{item=mobile, text=Showing}]]>
              </value>
            </param>
          </params>
          <exception class="org.openqa.selenium.TimeoutException">
            <message>
              <![CDATA[Expected condition failed: waiting for visibility of element located by By.cssSelector: div[data-id='MOBGA5VADB6VMBBP'] (tried for 5 second(s) with 500 milliseconds interval)
Build info: version: '4.8.1', revision: '8ebccac989'
System info: os.name: 'Windows 10', os.arch: 'amd64', os.version: '10.0', java.version: '11.0.18'
Driver info: org.openqa.selenium.chrome.ChromeDriver
Capabilities {acceptInsecureCerts: false, browserName: chrome, browserVersion: 114.0.5735.134, chrome: {chromedriverVersion: 114.0.5735.90 (386bc09e8f4f..., userDataDir: C:\Users\Asus\AppData\Local...}, goog:chromeOptions: {debuggerAddress: localhost:51198}, networkConnectionEnabled: false, pageLoadStrategy: normal, platformName: WINDOWS, proxy: Proxy(), se:cdp: ws://localhost:51198/devtoo..., se:cdpVersion: 114.0.5735.134, setWindowRect: true, strictFileInteractability: false, timeouts: {implicit: 0, pageLoad: 300000, script: 30000}, unhandledPromptBehavior: dismiss and notify, webauthn:extension:credBlob: true, webauthn:extension:largeBlob: true, webauthn:extension:minPinLength: true, webauthn:extension:prf: true, webauthn:virtualAuthenticators: true}
Session ID: ef4ccdd6b58a5650f428dc2dd7f8c4f8]]>
            </message>
            <full-stacktrace>
              <![CDATA[org.openqa.selenium.TimeoutException: Expected condition failed: waiting for visibility of element located by By.cssSelector: div[data-id='MOBGA5VADB6VMBBP'] (tried for 5 second(s) with 500 milliseconds interval)
Build info: version: '4.8.1', revision: '8ebccac989'
System info: os.name: 'Windows 10', os.arch: 'amd64', os.version: '10.0', java.version: '11.0.18'
Driver info: org.openqa.selenium.chrome.ChromeDriver
Capabilities {acceptInsecureCerts: false, browserName: chrome, browserVersion: 114.0.5735.134, chrome: {chromedriverVersion: 114.0.5735.90 (386bc09e8f4f..., userDataDir: C:\Users\Asus\AppData\Local...}, goog:chromeOptions: {debuggerAddress: localhost:51198}, networkConnectionEnabled: false, pageLoadStrategy: normal, platformName: WINDOWS, proxy: Proxy(), se:cdp: ws://localhost:51198/devtoo..., se:cdpVersion: 114.0.5735.134, setWindowRect: true, strictFileInteractability: false, timeouts: {implicit: 0, pageLoad: 300000, script: 30000}, unhandledPromptBehavior: dismiss and notify, webauthn:extension:credBlob: true, webauthn:extension:largeBlob: true, webauthn:extension:minPinLength: true, webauthn:extension:prf: true, webauthn:virtualAuthenticators: true}
Session ID: ef4ccdd6b58a5650f428dc2dd7f8c4f8
at org.openqa.selenium.support.ui.WebDriverWait.timeoutException(WebDriverWait.java:87)
at org.openqa.selenium.support.ui.FluentWait.until(FluentWait.java:231)
at abstractComponents.AbstractReuseMethods.waitTillElementVisible(AbstractReuseMethods.java:36)
at pageClasses.HomePage.clickOnPriceLowToHigh(HomePage.java:83)
at testClasses.FunctionalTest.sortByPriceLToH(FunctionalTest.java:28)
at java.base/jdk.internal.reflect.NativeMethodAccessorImpl.invoke0(Native Method)
at java.base/jdk.internal.reflect.NativeMethodAccessorImpl.invoke(NativeMethodAccessorImpl.java:62)
at java.base/jdk.internal.reflect.DelegatingMethodAccessorImpl.invoke(DelegatingMethodAccessorImpl.java:43)
at java.base/java.lang.reflect.Method.invoke(Method.java:566)
at org.testng.internal.invokers.MethodInvocationHelper.invokeMethod(MethodInvocationHelper.java:139)
at org.testng.internal.invokers.TestInvoker.invokeMethod(TestInvoker.java:677)
at org.testng.internal.invokers.TestInvoker.invokeTestMethod(TestInvoker.java:221)
at org.testng.internal.invokers.MethodRunner.runInSequence(MethodRunner.java:50)
at org.testng.internal.invokers.TestInvoker$MethodInvocationAgent.invoke(TestInvoker.java:962)
at org.testng.internal.invokers.TestInvoker.invokeTestMethods(TestInvoker.java:194)
at org.testng.internal.invokers.TestMethodWorker.invokeTestMethods(TestMethodWorker.java:148)
at org.testng.internal.invokers.TestMethodWorker.run(TestMethodWorker.java:128)
at java.base/java.util.ArrayList.forEach(ArrayList.java:1541)
at org.testng.TestRunner.privateRun(TestRunner.java:806)
at org.testng.TestRunner.run(TestRunner.java:601)
at org.testng.SuiteRunner.runTest(SuiteRunner.java:433)
at org.testng.SuiteRunner$SuiteWorker.run(SuiteRunner.java:471)
at org.testng.internal.thread.ThreadUtil.lambda$execute$0(ThreadUtil.java:58)
at java.base/java.util.concurrent.FutureTask.run(FutureTask.java:264)
at java.base/java.util.concurrent.ThreadPoolExecutor.runWorker(ThreadPoolExecutor.java:1128)
at java.base/java.util.concurrent.ThreadPoolExecutor$Worker.run(ThreadPoolExecutor.java:628)
at java.base/java.lang.Thread.run(Thread.java:834)
]]>
            </full-stacktrace>
          </exception> <!-- org.openqa.selenium.TimeoutException -->
          <reporter-output>
          </reporter-output>
        </test-method> <!-- sortByPriceLToH -->
        <test-method is-config="true" signature="tearOff()[pri:0, instance:testClasses.FunctionalTest@673be18f]" started-at="2023-06-26T12:41:58 IST" name="tearOff" finished-at="2023-06-26T12:41:58 IST" duration-ms="207" status="PASS">
          <reporter-output>
          </reporter-output>
        </test-method> <!-- tearOff -->
        <test-method is-config="true" signature="lunchApplication()[pri:0, instance:testClasses.FunctionalTest@673be18f]" started-at="2023-06-26T12:41:58 IST" name="lunchApplication" finished-at="2023-06-26T12:42:02 IST" duration-ms="3946" status="PASS">
          <reporter-output>
          </reporter-output>
        </test-method> <!-- lunchApplication -->
        <test-method signature="sortByPriceHToL(java.util.HashMap)[pri:2, instance:testClasses.FunctionalTest@673be18f]" started-at="2023-06-26T12:42:02 IST" name="sortByPriceHToL" data-provider="getData" finished-at="2023-06-26T12:42:06 IST" duration-ms="4026" status="PASS">
          <params>
            <param index="0">
              <value>
                <![CDATA[{item=mobile, text=Showing}]]>
              </value>
            </param>
          </params>
          <reporter-output>
          </reporter-output>
        </test-method> <!-- sortByPriceHToL -->
        <test-method is-config="true" signature="tearOff()[pri:0, instance:testClasses.FunctionalTest@673be18f]" started-at="2023-06-26T12:42:06 IST" name="tearOff" finished-at="2023-06-26T12:42:06 IST" duration-ms="150" status="PASS">
          <reporter-output>
          </reporter-output>
        </test-method> <!-- tearOff -->
      </class> <!-- testClasses.FunctionalTest -->
    </test> <!-- FunctionalTest -->
  </suite> <!-- Suite -->
</testng-results>
